

[2026-03-27 20:06:52.840953] ERROR on /api/portal/candidate/documents/upload:
Traceback (most recent call last):
  File "C:\Users\ioanp\AppData\Local\Programs\Python\Python313\Lib\site-packages\starlette\middleware\errors.py", line 164, in __call__
    await self.app(scope, receive, _send)
  File "C:\Users\ioanp\AppData\Local\Programs\Python\Python313\Lib\site-packages\starlette\middleware\cors.py", line 87, in __call__
    await self.app(scope, receive, send)
  File "C:\Users\ioanp\AppData\Local\Programs\Python\Python313\Lib\site-packages\starlette\middleware\cors.py", line 87, in __call__
    await self.app(scope, receive, send)
  File "C:\Users\ioanp\AppData\Local\Programs\Python\Python313\Lib\site-packages\starlette\middleware\exceptions.py", line 63, in __call__
    await wrap_app_handling_exceptions(self.app, conn)(scope, receive, send)
  File "C:\Users\ioanp\AppData\Local\Programs\Python\Python313\Lib\site-packages\starlette\_exception_handler.py", line 53, in wrapped_app
    raise exc
  File "C:\Users\ioanp\AppData\Local\Programs\Python\Python313\Lib\site-packages\starlette\_exception_handler.py", line 42, in wrapped_app
    await app(scope, receive, sender)
  File "C:\Users\ioanp\AppData\Local\Programs\Python\Python313\Lib\site-packages\fastapi\middleware\asyncexitstack.py", line 18, in __call__
    await self.app(scope, receive, send)
  File "C:\Users\ioanp\AppData\Local\Programs\Python\Python313\Lib\site-packages\starlette\routing.py", line 716, in __call__
    await self.middleware_stack(scope, receive, send)
  File "C:\Users\ioanp\AppData\Local\Programs\Python\Python313\Lib\site-packages\starlette\routing.py", line 736, in app
    await route.handle(scope, receive, send)
  File "C:\Users\ioanp\AppData\Local\Programs\Python\Python313\Lib\site-packages\starlette\routing.py", line 290, in handle
    await self.app(scope, receive, send)
  File "C:\Users\ioanp\AppData\Local\Programs\Python\Python313\Lib\site-packages\fastapi\routing.py", line 130, in app
    await wrap_app_handling_exceptions(app, request)(scope, receive, send)
  File "C:\Users\ioanp\AppData\Local\Programs\Python\Python313\Lib\site-packages\starlette\_exception_handler.py", line 53, in wrapped_app
    raise exc
  File "C:\Users\ioanp\AppData\Local\Programs\Python\Python313\Lib\site-packages\starlette\_exception_handler.py", line 42, in wrapped_app
    await app(scope, receive, sender)
  File "C:\Users\ioanp\AppData\Local\Programs\Python\Python313\Lib\site-packages\fastapi\routing.py", line 116, in app
    response = await f(request)
               ^^^^^^^^^^^^^^^^
  File "C:\Users\ioanp\AppData\Local\Programs\Python\Python313\Lib\site-packages\fastapi\routing.py", line 670, in app
    raw_response = await run_endpoint_function(
                   ^^^^^^^^^^^^^^^^^^^^^^^^^^^^
    ...<3 lines>...
    )
    ^
  File "C:\Users\ioanp\AppData\Local\Programs\Python\Python313\Lib\site-packages\fastapi\routing.py", line 324, in run_endpoint_function
    return await dependant.call(**values)
           ^^^^^^^^^^^^^^^^^^^^^^^^^^^^^^
  File "C:\Users\ioanp\OneDrive\Desktop\web gjc.ro+ platforma\backend\portal_routes.py", line 115, in upload_candidate_document
    user = await get_current_user(request)
           ^^^^^^^^^^^^^^^^^^^^^^^^^^^^^^^
  File "C:\Users\ioanp\OneDrive\Desktop\web gjc.ro+ platforma\backend\auth_routes.py", line 89, in get_current_user
    session_row = await execute_pg_one(
                  ^^^^^^^^^^^^^^^^^^^^^
    ...<2 lines>...
    )
    ^
  File "C:\Users\ioanp\OneDrive\Desktop\web gjc.ro+ platforma\backend\database\db_config.py", line 118, in execute_pg_one
    async with get_pool().acquire() as conn:
               ~~~~~~~~^^
  File "C:\Users\ioanp\OneDrive\Desktop\web gjc.ro+ platforma\backend\database\db_config.py", line 108, in get_pool
    raise RuntimeError("Pool-ul Postgres nu a fost inițializat. Apelează init_pool() la startup.")
RuntimeError: Pool-ul Postgres nu a fost inițializat. Apelează init_pool() la startup.


[2026-03-27 20:48:08.594410] ERROR on /api/portal/candidate/documents/upload:
Traceback (most recent call last):
  File "C:\Users\ioanp\AppData\Local\Programs\Python\Python313\Lib\site-packages\starlette\middleware\errors.py", line 164, in __call__
    await self.app(scope, receive, _send)
  File "C:\Users\ioanp\AppData\Local\Programs\Python\Python313\Lib\site-packages\starlette\middleware\cors.py", line 87, in __call__
    await self.app(scope, receive, send)
  File "C:\Users\ioanp\AppData\Local\Programs\Python\Python313\Lib\site-packages\starlette\middleware\cors.py", line 87, in __call__
    await self.app(scope, receive, send)
  File "C:\Users\ioanp\AppData\Local\Programs\Python\Python313\Lib\site-packages\starlette\middleware\exceptions.py", line 63, in __call__
    await wrap_app_handling_exceptions(self.app, conn)(scope, receive, send)
  File "C:\Users\ioanp\AppData\Local\Programs\Python\Python313\Lib\site-packages\starlette\_exception_handler.py", line 53, in wrapped_app
    raise exc
  File "C:\Users\ioanp\AppData\Local\Programs\Python\Python313\Lib\site-packages\starlette\_exception_handler.py", line 42, in wrapped_app
    await app(scope, receive, sender)
  File "C:\Users\ioanp\AppData\Local\Programs\Python\Python313\Lib\site-packages\fastapi\middleware\asyncexitstack.py", line 18, in __call__
    await self.app(scope, receive, send)
  File "C:\Users\ioanp\AppData\Local\Programs\Python\Python313\Lib\site-packages\starlette\routing.py", line 716, in __call__
    await self.middleware_stack(scope, receive, send)
  File "C:\Users\ioanp\AppData\Local\Programs\Python\Python313\Lib\site-packages\starlette\routing.py", line 736, in app
    await route.handle(scope, receive, send)
  File "C:\Users\ioanp\AppData\Local\Programs\Python\Python313\Lib\site-packages\starlette\routing.py", line 290, in handle
    await self.app(scope, receive, send)
  File "C:\Users\ioanp\AppData\Local\Programs\Python\Python313\Lib\site-packages\fastapi\routing.py", line 130, in app
    await wrap_app_handling_exceptions(app, request)(scope, receive, send)
  File "C:\Users\ioanp\AppData\Local\Programs\Python\Python313\Lib\site-packages\starlette\_exception_handler.py", line 53, in wrapped_app
    raise exc
  File "C:\Users\ioanp\AppData\Local\Programs\Python\Python313\Lib\site-packages\starlette\_exception_handler.py", line 42, in wrapped_app
    await app(scope, receive, sender)
  File "C:\Users\ioanp\AppData\Local\Programs\Python\Python313\Lib\site-packages\fastapi\routing.py", line 116, in app
    response = await f(request)
               ^^^^^^^^^^^^^^^^
  File "C:\Users\ioanp\AppData\Local\Programs\Python\Python313\Lib\site-packages\fastapi\routing.py", line 670, in app
    raw_response = await run_endpoint_function(
                   ^^^^^^^^^^^^^^^^^^^^^^^^^^^^
    ...<3 lines>...
    )
    ^
  File "C:\Users\ioanp\AppData\Local\Programs\Python\Python313\Lib\site-packages\fastapi\routing.py", line 324, in run_endpoint_function
    return await dependant.call(**values)
           ^^^^^^^^^^^^^^^^^^^^^^^^^^^^^^
  File "C:\Users\ioanp\OneDrive\Desktop\web gjc.ro+ platforma\backend\portal_routes.py", line 115, in upload_candidate_document
    user = await get_current_user(request)
           ^^^^^^^^^^^^^^^^^^^^^^^^^^^^^^^
  File "C:\Users\ioanp\OneDrive\Desktop\web gjc.ro+ platforma\backend\auth_routes.py", line 89, in get_current_user
    session_row = await execute_pg_one(
                  ^^^^^^^^^^^^^^^^^^^^^
    ...<2 lines>...
    )
    ^
  File "C:\Users\ioanp\OneDrive\Desktop\web gjc.ro+ platforma\backend\database\db_config.py", line 118, in execute_pg_one
    async with get_pool().acquire() as conn:
               ~~~~~~~~^^
  File "C:\Users\ioanp\OneDrive\Desktop\web gjc.ro+ platforma\backend\database\db_config.py", line 108, in get_pool
    raise RuntimeError("Pool-ul Postgres nu a fost inițializat. Apelează init_pool() la startup.")
RuntimeError: Pool-ul Postgres nu a fost inițializat. Apelează init_pool() la startup.
